<?xml version="1.0" encoding="UTF-8"?>
<!-- Generated by org.testng.reporters.JUnitReportReporter -->
<testsuite hostname="Lenova_Aug_2024" failures="0" tests="3" name="FirstPackange.First" time="11.448" errors="0" timestamp="2025-04-06T14:52:27 BST" skipped="0">
  <testcase classname="FirstPackange.First" name="test2" time="2.527"/>
  <testcase classname="FirstPackange.First" name="test1" time="5.487"/>
  <testcase classname="FirstPackange.First" name="test3" time="3.434"/>
</testsuite> <!-- FirstPackange.First -->
