<?xml version="1.0" encoding="UTF-8"?>
<!-- Generated by org.testng.reporters.JUnitReportReporter -->
<testsuite hostname="BG3NB075" failures="0" tests="2" name="demoProject.Test1" time="79.272" errors="0" timestamp="2024-07-04T14:06:23 IST" skipped="0">
  <testcase classname="demoProject.Test1" name="tc2" time="39.116"/>
  <testcase classname="demoProject.Test1" name="tc1" time="40.156"/>
</testsuite> <!-- demoProject.Test1 -->
