<?xml version="1.0" encoding="UTF-8"?>
<!-- Generated by org.testng.reporters.JUnitReportReporter -->
<testsuite hostname="BG3NB075" failures="0" tests="2" name="demoProject.firsttest" time="33.075" errors="0" timestamp="2024-07-04T15:39:34 IST" skipped="0">
  <testcase classname="demoProject.firsttest" name="tc1" time="21.950"/>
  <testcase classname="demoProject.firsttest" name="tc2" time="11.125"/>
</testsuite> <!-- demoProject.firsttest -->
